2025-05-09 12:47:52,299 [INFO] Activator:176 - 


2025-05-09 12:47:52,301 [INFO] Activator:177 - !SESSION log4j initialized
2025-05-09 12:47:54,777 [INFO] LogOutputStream:77 - [STDOUT_REDIRECT] 
2025-05-09 12:47:57,400 [INFO] ApplicationProperties:184 - Using Application install path: /home/absqua/st/stm32cubeide_1.18.1/plugins/com.st.stm32cube.common.mx_6.14.1.202504091515
2025-05-09 12:47:57,421 [INFO] DbMcusXml:78 - Set database path to: /home/absqua/st/stm32cubeide_1.18.1/plugins/com.st.stm32cube.common.mx_6.14.1.202504091515//db//mcu/
2025-05-09 12:47:57,421 [INFO] ApiDb:274 - Set plugin database path to: /home/absqua/st/stm32cubeide_1.18.1/plugins/com.st.stm32cube.common.mx_6.14.1.202504091515//db//plugins/boardmanager/
2025-05-09 12:47:57,422 [WARN] ApiDb:259 - Overriding images path with different value:  => /home/absqua/st/stm32cubeide_1.18.1/plugins/com.st.stm32cube.common.mx_6.14.1.202504091515//db//plugins/mcufinder/images/
2025-05-09 12:47:57,429 [INFO] ApiDb:250 - Set database path to: /home/absqua/.stmcufinder/plugins/mcufinder//mcu/
2025-05-09 12:47:57,431 [INFO] DbMcusAds:125 - Set database path to: /home/absqua/.stmcufinder/plugins/mcufinder//mcu/
2025-05-09 12:47:57,434 [INFO] CrossReferenceDbSqlite:203 - Set database path to: /home/absqua/.stmcufinder/plugins/mcufinder//mcu/cs/
2025-05-09 12:47:57,572 [INFO] RulesReader:64 - Compatibility file has been processed (302 Rules)
2025-05-09 12:47:57,641 [INFO] DbMcusXml:78 - Set database path to: /home/absqua/st/stm32cubeide_1.18.1/plugins/com.st.stm32cube.common.mx_6.14.1.202504091515//db//mcu/
2025-05-09 12:47:57,641 [INFO] ApiDb:274 - Set plugin database path to: /home/absqua/st/stm32cubeide_1.18.1/plugins/com.st.stm32cube.common.mx_6.14.1.202504091515//db//plugins/boardmanager/
2025-05-09 12:47:57,641 [INFO] ApiDb:261 - Set plugin images path to: /home/absqua/st/stm32cubeide_1.18.1/plugins/com.st.stm32cube.common.mx_6.14.1.202504091515//db//plugins/mcufinder/images/
2025-05-09 12:47:57,642 [WARN] DbFile:41 - Overriding database path with different value: /home/absqua/.stmcufinder/plugins/mcufinder/ => /home/absqua/.stmcufinder/plugins/mcufinder
2025-05-09 12:47:57,642 [INFO] ApiDb:250 - Set database path to: /home/absqua/.stmcufinder/plugins/mcufinder//mcu/
2025-05-09 12:47:57,642 [WARN] DbFile:41 - Overriding database path with different value: /home/absqua/.stmcufinder/plugins/mcufinder/ => /home/absqua/.stmcufinder/plugins/mcufinder
2025-05-09 12:47:57,642 [INFO] DbMcusAds:125 - Set database path to: /home/absqua/.stmcufinder/plugins/mcufinder//mcu/
2025-05-09 12:47:57,642 [WARN] DbFile:41 - Overriding database path with different value: /home/absqua/.stmcufinder/plugins/mcufinder/ => /home/absqua/.stmcufinder/plugins/mcufinder
2025-05-09 12:47:57,643 [WARN] DbFile:41 - Overriding database path with different value: /home/absqua/.stmcufinder/plugins/mcufinder/ => /home/absqua/.stmcufinder/plugins/mcufinder
2025-05-09 12:47:57,643 [INFO] CrossReferenceDbSqlite:203 - Set database path to: /home/absqua/.stmcufinder/plugins/mcufinder//mcu/cs/
2025-05-09 12:47:57,730 [INFO] MainPanel:272 - HeapMemory: 268435456
2025-05-09 12:47:57,869 [INFO] DbMcusXml:78 - Set database path to: /home/absqua/st/stm32cubeide_1.18.1/plugins/com.st.stm32cube.common.mx_6.14.1.202504091515//db//mcu/
2025-05-09 12:47:57,870 [INFO] ApiDb:274 - Set plugin database path to: /home/absqua/st/stm32cubeide_1.18.1/plugins/com.st.stm32cube.common.mx_6.14.1.202504091515//db//plugins/boardmanager/
2025-05-09 12:47:57,870 [INFO] ApiDb:261 - Set plugin images path to: /home/absqua/st/stm32cubeide_1.18.1/plugins/com.st.stm32cube.common.mx_6.14.1.202504091515//db//plugins/mcufinder/images/
2025-05-09 12:47:57,870 [WARN] DbFile:41 - Overriding database path with different value: /home/absqua/.stmcufinder/plugins/mcufinder/ => /home/absqua/.stmcufinder/plugins/mcufinder
2025-05-09 12:47:57,870 [INFO] ApiDb:250 - Set database path to: /home/absqua/.stmcufinder/plugins/mcufinder//mcu/
2025-05-09 12:47:57,870 [WARN] DbFile:41 - Overriding database path with different value: /home/absqua/.stmcufinder/plugins/mcufinder/ => /home/absqua/.stmcufinder/plugins/mcufinder
2025-05-09 12:47:57,870 [INFO] DbMcusAds:125 - Set database path to: /home/absqua/.stmcufinder/plugins/mcufinder//mcu/
2025-05-09 12:47:57,871 [WARN] DbFile:41 - Overriding database path with different value: /home/absqua/.stmcufinder/plugins/mcufinder/ => /home/absqua/.stmcufinder/plugins/mcufinder
2025-05-09 12:47:57,871 [WARN] DbFile:41 - Overriding database path with different value: /home/absqua/.stmcufinder/plugins/mcufinder/ => /home/absqua/.stmcufinder/plugins/mcufinder
2025-05-09 12:47:57,871 [INFO] CrossReferenceDbSqlite:203 - Set database path to: /home/absqua/.stmcufinder/plugins/mcufinder//mcu/cs/
2025-05-09 12:47:57,888 [INFO] ApplicationProperties:184 - Using Application install path: /home/absqua/st/stm32cubeide_1.18.1/plugins/com.st.stm32cube.common.mx_6.14.1.202504091515
2025-05-09 12:47:57,890 [INFO] PluginManage:196 - Search for loadable plugins [exclusion list=, ]
2025-05-09 12:47:57,891 [INFO] PluginManage:310 - Check plugin analytics
2025-05-09 12:47:58,054 [INFO] AnalyticsPlugin:253 - Accepted Software Licenses: 
2025-05-09 12:47:58,054 [INFO] AnalyticsPlugin:255 - Accepted CMSIS Pack Licenses: 
2025-05-09 12:47:58,055 [INFO] AnalyticsPlugin:257 - Accepted Firmware Licenses: 
2025-05-09 12:47:58,057 [INFO] PluginManage:359 - Loaded plugin analytics (category:tool,tabindex:-1)
2025-05-09 12:47:58,057 [INFO] PluginManage:310 - Check plugin cadmodel
2025-05-09 12:47:58,061 [INFO] CADModel:105 - Init CAD model plugin
2025-05-09 12:47:58,062 [INFO] PluginManage:359 - Loaded plugin cadmodel (category:power,tabindex:5)
2025-05-09 12:47:58,062 [INFO] PluginManage:310 - Check plugin clock
2025-05-09 12:47:58,071 [INFO] PluginManage:359 - Loaded plugin clock (category:base,tabindex:2)
2025-05-09 12:47:58,071 [INFO] PluginManage:310 - Check plugin ddr
2025-05-09 12:47:58,074 [INFO] PluginManage:359 - Loaded plugin ddr (category:tool,tabindex:6)
2025-05-09 12:47:58,074 [INFO] PluginManage:310 - Check plugin filemanager
2025-05-09 12:47:58,268 [INFO] PluginManage:359 - Loaded plugin filemanager (category:base,tabindex:10)
2025-05-09 12:47:58,268 [INFO] PluginManage:310 - Check plugin ipmanager
2025-05-09 12:47:58,275 [INFO] PluginManage:359 - Loaded plugin ipmanager (category:base,tabindex:5)
2025-05-09 12:47:58,276 [INFO] PluginManage:310 - Check plugin lpbam
2025-05-09 12:47:58,286 [INFO] PluginManage:359 - Loaded plugin lpbam (category:base,tabindex:0)
2025-05-09 12:47:58,286 [INFO] PluginManage:310 - Check plugin memorymap
2025-05-09 12:47:58,297 [INFO] PluginManage:359 - Loaded plugin memorymap (category:base,tabindex:4)
2025-05-09 12:47:58,297 [INFO] PluginManage:310 - Check plugin pinoutandconfiguration
2025-05-09 12:47:58,304 [INFO] PluginManage:359 - Loaded plugin pinoutandconfiguration (category:base,tabindex:1)
2025-05-09 12:47:58,304 [INFO] PluginManage:310 - Check plugin pinoutconfig
2025-05-09 12:47:58,371 [WARN] SupportedApi:132 - Cannot load RTOS API schema: s4s-elt-must-match.1: The content of 'definitions' must match (annotation?, (simpleType | complexType)?, (unique | key | keyref)*)). A problem was found starting at: attribute.
2025-05-09 12:47:58,482 [INFO] PluginManage:359 - Loaded plugin pinoutconfig (category:base,tabindex:0)
2025-05-09 12:47:58,482 [INFO] PluginManage:310 - Check plugin power
2025-05-09 12:47:58,490 [INFO] PluginManage:359 - Loaded plugin power (category:power,tabindex:4)
2025-05-09 12:47:58,490 [INFO] PluginManage:310 - Check plugin projectmanager
2025-05-09 12:47:58,503 [INFO] PluginManage:359 - Loaded plugin projectmanager (category:projectmanager,tabindex:4)
2025-05-09 12:47:58,503 [INFO] PluginManage:310 - Check plugin rif
2025-05-09 12:47:58,508 [INFO] PluginManage:359 - Loaded plugin rif (category:base,tabindex:3)
2025-05-09 12:47:58,508 [INFO] PluginManage:310 - Check plugin thirdparty
2025-05-09 12:47:58,592 [INFO] PluginManage:359 - Loaded plugin thirdparty (category:base,tabindex:-1)
2025-05-09 12:47:58,592 [INFO] PluginManage:310 - Check plugin tools
2025-05-09 12:47:58,592 [WARN] IntegrityCheckThread:84 - waiting for thirdparty lock release [integrity check]
2025-05-09 12:47:58,593 [INFO] IntegrityCheckThread:86 - entering critical section [integrity check]
2025-05-09 12:47:58,593 [INFO] ThirdPartyUpdaterWithRetryManager:70 - Updater plugin not ready yet. [1/15]
2025-05-09 12:47:58,594 [INFO] PluginManage:359 - Loaded plugin tools (category:base,tabindex:7)
2025-05-09 12:47:58,595 [INFO] PluginManage:310 - Check plugin tutovideos
2025-05-09 12:47:58,713 [INFO] PluginManage:359 - Loaded plugin tutovideos (category:base,tabindex:-1)
2025-05-09 12:47:58,714 [INFO] PluginManage:310 - Check plugin updater
2025-05-09 12:47:58,734 [INFO] PluginManage:359 - Loaded plugin updater (category:base,tabindex:12)
2025-05-09 12:47:58,734 [INFO] PluginManage:310 - Check plugin userauth
2025-05-09 12:47:58,737 [INFO] UserAuth:118 - Init User Auth plugin
2025-05-09 12:47:58,738 [INFO] PluginManage:359 - Loaded plugin userauth (category:base,tabindex:14)
2025-05-09 12:47:58,738 [INFO] PluginManage:283 - PluginManage : Loaded plugins [18]
2025-05-09 12:47:58,883 [INFO] PinOutPanel:1589 - setPackage(No Configuration,No Configuration)
2025-05-09 12:47:58,939 [INFO] CADModel:165 - CPN selected for project level
2025-05-09 12:47:58,939 [INFO] CADModel:114 - Register for checkConnection events
2025-05-09 12:47:58,950 [INFO] IPUIPlugin:80 - create IPUIPlugin
2025-05-09 12:47:58,950 [INFO] PluginManager:220 - loadIPPluginJar : add touchsensing
2025-05-09 12:47:58,955 [INFO] IPUIPlugin:80 - create IPUIPlugin
2025-05-09 12:47:58,955 [INFO] PluginManager:220 - loadIPPluginJar : add gic
2025-05-09 12:47:58,960 [INFO] IPUIPlugin:80 - create IPUIPlugin
2025-05-09 12:47:58,960 [INFO] PluginManager:220 - loadIPPluginJar : add dma
2025-05-09 12:47:58,965 [INFO] IPUIPlugin:80 - create IPUIPlugin
2025-05-09 12:47:58,965 [INFO] PluginManager:220 - loadIPPluginJar : add freertos
2025-05-09 12:47:58,968 [INFO] IPUIPlugin:80 - create IPUIPlugin
2025-05-09 12:47:58,968 [INFO] PluginManager:220 - loadIPPluginJar : add openamp
2025-05-09 12:47:58,973 [INFO] IPUIPlugin:80 - create IPUIPlugin
2025-05-09 12:47:58,973 [INFO] PluginManager:220 - loadIPPluginJar : add resmgrutility
2025-05-09 12:47:58,975 [INFO] IPUIPlugin:80 - create IPUIPlugin
2025-05-09 12:47:58,975 [INFO] PluginManager:220 - loadIPPluginJar : add i2s
2025-05-09 12:47:58,978 [INFO] IPUIPlugin:80 - create IPUIPlugin
2025-05-09 12:47:58,978 [INFO] PluginManager:220 - loadIPPluginJar : add gtzc
2025-05-09 12:47:58,981 [INFO] IPUIPlugin:80 - create IPUIPlugin
2025-05-09 12:47:58,981 [INFO] PluginManager:220 - loadIPPluginJar : add ddr_ctrl_phy
2025-05-09 12:47:58,983 [INFO] IPUIPlugin:80 - create IPUIPlugin
2025-05-09 12:47:58,983 [INFO] PluginManager:220 - loadIPPluginJar : add hash
2025-05-09 12:47:58,985 [INFO] IPUIPlugin:80 - create IPUIPlugin
2025-05-09 12:47:58,985 [INFO] PluginManager:220 - loadIPPluginJar : add ucpd
2025-05-09 12:47:58,987 [INFO] IPUIPlugin:80 - create IPUIPlugin
2025-05-09 12:47:58,987 [INFO] PluginManager:220 - loadIPPluginJar : add extmemmanager
2025-05-09 12:47:58,989 [INFO] IPUIPlugin:80 - create IPUIPlugin
2025-05-09 12:47:58,989 [INFO] PluginManager:220 - loadIPPluginJar : add cryp
2025-05-09 12:47:58,992 [INFO] IPUIPlugin:80 - create IPUIPlugin
2025-05-09 12:47:58,992 [INFO] PluginManager:220 - loadIPPluginJar : add nvic
2025-05-09 12:47:58,996 [INFO] IPUIPlugin:80 - create IPUIPlugin
2025-05-09 12:47:58,996 [INFO] PluginManager:220 - loadIPPluginJar : add gpio
2025-05-09 12:47:58,997 [INFO] IPUIPlugin:80 - create IPUIPlugin
2025-05-09 12:47:58,997 [INFO] PluginManager:220 - loadIPPluginJar : add tracer_emb
2025-05-09 12:47:58,999 [INFO] IPUIPlugin:80 - create IPUIPlugin
2025-05-09 12:47:58,999 [INFO] PluginManager:220 - loadIPPluginJar : add radio
2025-05-09 12:47:59,001 [INFO] IPUIPlugin:80 - create IPUIPlugin
2025-05-09 12:47:59,001 [INFO] PluginManager:220 - loadIPPluginJar : add spi
2025-05-09 12:47:59,003 [INFO] IPUIPlugin:80 - create IPUIPlugin
2025-05-09 12:47:59,004 [INFO] PluginManager:220 - loadIPPluginJar : add i2c
2025-05-09 12:47:59,007 [INFO] IPUIPlugin:80 - create IPUIPlugin
2025-05-09 12:47:59,008 [INFO] PluginManager:220 - loadIPPluginJar : add fmc
2025-05-09 12:47:59,010 [INFO] IPUIPlugin:80 - create IPUIPlugin
2025-05-09 12:47:59,010 [INFO] PluginManager:220 - loadIPPluginJar : add i3c
2025-05-09 12:47:59,012 [INFO] IPUIPlugin:80 - create IPUIPlugin
2025-05-09 12:47:59,012 [INFO] PluginManager:220 - loadIPPluginJar : add dma3
2025-05-09 12:47:59,013 [INFO] IPUIPlugin:80 - create IPUIPlugin
2025-05-09 12:47:59,014 [INFO] PluginManager:220 - loadIPPluginJar : add comp
2025-05-09 12:47:59,016 [INFO] IPUIPlugin:80 - create IPUIPlugin
2025-05-09 12:47:59,016 [INFO] PluginManager:220 - loadIPPluginJar : add ipddr
2025-05-09 12:47:59,021 [INFO] IPUIPlugin:80 - create IPUIPlugin
2025-05-09 12:47:59,023 [INFO] PluginManager:220 - loadIPPluginJar : add plateformsettings
2025-05-09 12:47:59,025 [INFO] IPUIPlugin:80 - create IPUIPlugin
2025-05-09 12:47:59,025 [INFO] PluginManager:220 - loadIPPluginJar : add aes
2025-05-09 12:47:59,028 [INFO] IPUIPlugin:80 - create IPUIPlugin
2025-05-09 12:47:59,028 [INFO] PluginManager:220 - loadIPPluginJar : add opamp
2025-05-09 12:47:59,030 [INFO] IPUIPlugin:80 - create IPUIPlugin
2025-05-09 12:47:59,030 [INFO] PluginManager:220 - loadIPPluginJar : add gfxmmu
2025-05-09 12:47:59,032 [INFO] IPUIPlugin:80 - create IPUIPlugin
2025-05-09 12:47:59,032 [INFO] PluginManager:220 - loadIPPluginJar : add ts
2025-05-09 12:47:59,037 [INFO] IPUIPlugin:80 - create IPUIPlugin
2025-05-09 12:47:59,037 [INFO] PluginManager:220 - loadIPPluginJar : add mdma
2025-05-09 12:47:59,040 [INFO] IPUIPlugin:80 - create IPUIPlugin
2025-05-09 12:47:59,040 [INFO] PluginManager:220 - loadIPPluginJar : add lorawan
2025-05-09 12:47:59,042 [INFO] IPUIPlugin:80 - create IPUIPlugin
2025-05-09 12:47:59,043 [INFO] PluginManager:220 - loadIPPluginJar : add usart
2025-05-09 12:47:59,044 [INFO] IPUIPlugin:80 - create IPUIPlugin
2025-05-09 12:47:59,044 [INFO] PluginManager:220 - loadIPPluginJar : add fatfs
2025-05-09 12:47:59,046 [INFO] IPUIPlugin:80 - create IPUIPlugin
2025-05-09 12:47:59,046 [INFO] PluginManager:220 - loadIPPluginJar : add tim
2025-05-09 12:47:59,049 [INFO] IPUIPlugin:80 - create IPUIPlugin
2025-05-09 12:47:59,049 [INFO] PluginManager:220 - loadIPPluginJar : add can
2025-05-09 12:47:59,052 [INFO] IPUIPlugin:80 - create IPUIPlugin
2025-05-09 12:47:59,052 [INFO] PluginManager:220 - loadIPPluginJar : add pdm2pcm
2025-05-09 12:47:59,055 [INFO] IPUIPlugin:80 - create IPUIPlugin
2025-05-09 12:47:59,055 [INFO] PluginManager:220 - loadIPPluginJar : add sai
2025-05-09 12:47:59,060 [INFO] IPUIPlugin:80 - create IPUIPlugin
2025-05-09 12:47:59,061 [INFO] PluginManager:220 - loadIPPluginJar : add stm32_wpan
2025-05-09 12:47:59,065 [INFO] IPUIPlugin:80 - create IPUIPlugin
2025-05-09 12:47:59,066 [INFO] PluginManager:220 - loadIPPluginJar : add adc
2025-05-09 12:47:59,067 [INFO] IPUIPlugin:80 - create IPUIPlugin
2025-05-09 12:47:59,067 [INFO] PluginManager:220 - loadIPPluginJar : add genericplugin
2025-05-09 12:47:59,068 [INFO] IPUIPlugin:80 - create IPUIPlugin
2025-05-09 12:47:59,068 [INFO] PluginManager:220 - loadIPPluginJar : add tsc
2025-05-09 12:47:59,070 [INFO] IPUIPlugin:80 - create IPUIPlugin
2025-05-09 12:47:59,070 [INFO] PluginManager:220 - loadIPPluginJar : add ltdc
2025-05-09 12:47:59,074 [INFO] IPUIPlugin:80 - create IPUIPlugin
2025-05-09 12:47:59,074 [INFO] PluginManager:220 - loadIPPluginJar : add usbx
2025-05-09 12:47:59,080 [INFO] IPUIPlugin:80 - create IPUIPlugin
2025-05-09 12:47:59,080 [INFO] PluginManager:220 - loadIPPluginJar : add linkedlist
2025-05-09 12:47:59,082 [INFO] IPUIPlugin:80 - create IPUIPlugin
2025-05-09 12:47:59,082 [INFO] PluginManager:220 - loadIPPluginJar : add quadspi
2025-05-09 12:47:59,084 [INFO] IPUIPlugin:80 - create IPUIPlugin
2025-05-09 12:47:59,084 [INFO] PluginManager:220 - loadIPPluginJar : add dfsdm
2025-05-09 12:47:59,186 [FATAL] Updater:351 - Updater called before beeing initialized
2025-05-09 12:47:59,204 [INFO] RulesReader:64 - Compatibility file has been processed (302 Rules)
2025-05-09 12:47:59,212 [INFO] RulesReader:64 - Compatibility file has been processed (302 Rules)
2025-05-09 12:47:59,219 [INFO] CADModel:165 - CPN selected for project level
2025-05-09 12:47:59,219 [INFO] CADModel:114 - Register for checkConnection events
2025-05-09 12:47:59,219 [FATAL] Updater:351 - Updater called before beeing initialized
2025-05-09 12:47:59,219 [ERROR] CADModel:125 - Updater not yet initialized, retry later 
2025-05-09 12:47:59,314 [FATAL] Updater:351 - Updater called before beeing initialized
2025-05-09 12:47:59,316 [INFO] CADModel:165 - CPN selected for project level
2025-05-09 12:47:59,316 [INFO] CADModel:114 - Register for checkConnection events
2025-05-09 12:47:59,316 [FATAL] Updater:351 - Updater called before beeing initialized
2025-05-09 12:47:59,316 [ERROR] CADModel:125 - Updater not yet initialized, retry later 
2025-05-09 12:47:59,319 [FATAL] Updater:351 - Updater called before beeing initialized
2025-05-09 12:47:59,400 [FATAL] Updater:351 - Updater called before beeing initialized
2025-05-09 12:47:59,403 [INFO] DbMcusAds:53 - JSON generation date=Thu Sep 30 08:55:09 CEST 2021 (1632984909247)
2025-05-09 12:47:59,404 [FATAL] Updater:351 - Updater called before beeing initialized
2025-05-09 12:47:59,432 [WARN] DetailPanel:346 - Failed to get advertising image, set to default
2025-05-09 12:47:59,624 [FATAL] Updater:351 - Updater called before beeing initialized
2025-05-09 12:47:59,625 [FATAL] Updater:351 - Updater called before beeing initialized
2025-05-09 12:47:59,625 [FATAL] Updater:351 - Updater called before beeing initialized
2025-05-09 12:47:59,625 [WARN] DetailPanel:346 - Failed to get advertising image, set to default
2025-05-09 12:47:59,626 [FATAL] Updater:351 - Updater called before beeing initialized
2025-05-09 12:47:59,657 [ERROR] Updater:1198 - MainUpdater not yet initialized. External WinMGr cannot be set.
2025-05-09 12:47:59,659 [INFO] Updater:1134 - Updater Version found : 6.14.1
2025-05-09 12:47:59,673 [INFO] ApplicationProperties:184 - Using Application install path: /home/absqua/st/stm32cubeide_1.18.1/plugins/com.st.stm32cube.common.mx_6.14.1.202504091515
2025-05-09 12:47:59,966 [INFO] MainUpdater:2872 - connection check result : 10
2025-05-09 12:47:59,967 [INFO] MainUpdater:289 - Updater Check For Update Now.
2025-05-09 12:47:59,967 [INFO] MicroXplorer:498 - Change Database Version : DB.6.0.141
2025-05-09 12:47:59,976 [INFO] McuFinderGlobals:63 - Set McuFinder mode to 2 (CubeIDE integrated)
2025-05-09 12:47:59,976 [INFO] UserAuth:171 - activating auth plugin
2025-05-09 12:47:59,979 [INFO] UserAuth:484 - Internet connection configuration mode: 1
2025-05-09 12:47:59,995 [INFO] JxBrowserEngine:152 - Initiate JxBrowser Engine with user profile folder
2025-05-09 12:48:00,136 [INFO] CheckServerUpdateThread:120 - End of CheckServer Thread
2025-05-09 12:48:00,851 [INFO] WebApp:169 - Instantiating new browser for Auth
2025-05-09 12:48:01,512 [INFO] WebApp:463 - Apply proxy settings
2025-05-09 12:48:01,513 [INFO] WebApp:548 - Chromium requires no authentication
2025-05-09 12:48:01,518 [INFO] WebApp:491 - Direct internet connection detected
2025-05-09 12:48:01,530 [INFO] WebApp:894 - Register for checkConnection events
2025-05-09 12:48:01,530 [INFO] WebApp:463 - Apply proxy settings
2025-05-09 12:48:01,530 [INFO] WebApp:548 - Chromium requires no authentication
2025-05-09 12:48:01,531 [INFO] WebApp:491 - Direct internet connection detected
2025-05-09 12:48:01,645 [INFO] WebApp:225 - Starting web application
2025-05-09 12:48:01,646 [INFO] WebApp:593 - Web application path used /home/absqua/st/stm32cubeide_1.18.1/plugins/com.st.stm32cube.common.mx_6.14.1.202504091515/db/plugins/mcufinder/reactClient1/index.html
2025-05-09 12:48:01,718 [WARN] PackLoader:240 - Cannot read IP mode file for STMicroelectronics.FP-SNS-MOTENVWB1.1.4.0
2025-05-09 12:48:01,726 [WARN] PackLoader:240 - Cannot read IP mode file for STMicroelectronics.FP-ATR-ASTRA1.2.0.2
2025-05-09 12:48:01,733 [WARN] PackLoader:240 - Cannot read IP mode file for STMicroelectronics.X-CUBE-SMBUS.2.1.0
2025-05-09 12:48:01,761 [WARN] PackLoader:240 - Cannot read IP mode file for STMicroelectronics.X-CUBE-AZRTOS-F7.1.1.0
2025-05-09 12:48:01,801 [WARN] PackLoader:240 - Cannot read IP mode file for Infineon.AIROC-Wi-Fi-Bluetooth-STM32.1.7.0
2025-05-09 12:48:01,808 [INFO] WebApp:191 - Connection restablished
2025-05-09 12:48:01,817 [WARN] PackLoader:240 - Cannot read IP mode file for STMicroelectronics.X-CUBE-DISPLAY.3.0.0
2025-05-09 12:48:01,830 [WARN] PackLoader:240 - Cannot read IP mode file for STMicroelectronics.X-CUBE-NFC10.1.0.0
2025-05-09 12:48:01,843 [WARN] PackLoader:240 - Cannot read IP mode file for STMicroelectronics.X-CUBE-BLEMGR.4.0.0
2025-05-09 12:48:01,850 [WARN] PackLoader:240 - Cannot read IP mode file for emotas.I-CUBE-CANOPEN.1.3.0
2025-05-09 12:48:01,855 [WARN] ConditionMgr:438 - getConditionDescription Invalid condition id : Cortex-A Device cause : null
2025-05-09 12:48:01,869 [WARN] ConditionMgr:1044 - genDependencies : Invalid condition id : Cortex-A Device cause : null
2025-05-09 12:48:01,869 [WARN] ConditionMgr:1044 - genDependencies : Invalid condition id : Cortex-A Device cause : null
2025-05-09 12:48:01,869 [WARN] ConditionMgr:1044 - genDependencies : Invalid condition id : Cortex-A Device cause : null
2025-05-09 12:48:01,873 [WARN] PackLoader:240 - Cannot read IP mode file for STMicroelectronics.X-CUBE-AI.10.0.0
2025-05-09 12:48:01,879 [WARN] PackLoader:240 - Cannot read IP mode file for STMicroelectronics.FP-SNS-SMARTAG2.1.2.0
2025-05-09 12:48:01,886 [WARN] PackLoader:240 - Cannot read IP mode file for STMicroelectronics.FP-SNS-FLIGHT1.5.1.0
2025-05-09 12:48:01,897 [INFO] LogOutputStream:77 - [STDOUT_REDIRECT] 1 : Invalid condition id : UX_CORESTACK_Condition cause : null
2025-05-09 12:48:01,898 [INFO] LogOutputStream:77 - [STDOUT_REDIRECT] 1 : Invalid condition id : UX_CORESTACK_Condition cause : null
2025-05-09 12:48:01,899 [INFO] LogOutputStream:77 - [STDOUT_REDIRECT] 1 : Invalid condition id : UX_CORESTACK_Condition cause : null
2025-05-09 12:48:01,899 [INFO] LogOutputStream:77 - [STDOUT_REDIRECT] 1 : Invalid condition id : UX_CORESTACK_Condition cause : null
2025-05-09 12:48:01,900 [INFO] LogOutputStream:77 - [STDOUT_REDIRECT] 1 : Invalid condition id : UX_CORESTACK_Condition cause : null
2025-05-09 12:48:01,915 [WARN] PackLoader:240 - Cannot read IP mode file for STMicroelectronics.X-CUBE-AZRTOS-WL.2.0.0
2025-05-09 12:48:01,921 [WARN] PackLoader:240 - Cannot read IP mode file for STMicroelectronics.FP-SNS-MOTENV1.5.0.0
2025-05-09 12:48:01,929 [WARN] PackLoader:240 - Cannot read IP mode file for WES.I-CUBE-Cesium.1.3.0
2025-05-09 12:48:01,934 [WARN] PackLoader:240 - Cannot read IP mode file for STMicroelectronics.X-CUBE-BLE2.3.3.0
2025-05-09 12:48:01,941 [WARN] PackLoader:240 - Cannot read IP mode file for STMicroelectronics.X-CUBE-NFC9.1.0.0
2025-05-09 12:48:01,947 [WARN] PackLoader:240 - Cannot read IP mode file for wolfSSL.I-CUBE-wolfSSL.5.8.0
2025-05-09 12:48:01,951 [WARN] PackLoader:240 - Cannot read IP mode file for STMicroelectronics.X-CUBE-BLE1.7.1.0
2025-05-09 12:48:01,955 [WARN] PackLoader:240 - Cannot read IP mode file for wolfSSL.I-CUBE-wolfMQTT.1.19.2
2025-05-09 12:48:01,996 [WARN] PackLoader:240 - Cannot read IP mode file for STMicroelectronics.X-CUBE-MEMS1.11.2.0
2025-05-09 12:48:02,139 [WARN] PackLoader:240 - Cannot read IP mode file for STMicroelectronics.X-CUBE-AZRTOS-G0.1.1.0
2025-05-09 12:48:02,160 [WARN] PackLoader:240 - Cannot read IP mode file for STMicroelectronics.X-CUBE-SAFEA1.1.2.2
2025-05-09 12:48:02,168 [WARN] PackLoader:240 - Cannot read IP mode file for STMicroelectronics.X-CUBE-NFC4.3.0.0
2025-05-09 12:48:02,179 [WARN] PackLoader:240 - Cannot read IP mode file for EmbeddedOffice.I-CUBE-FS-RTOS.1.0.1
2025-05-09 12:48:02,187 [WARN] PackLoader:240 - Cannot read IP mode file for STMicroelectronics.X-CUBE-WB05N.2.0.0
2025-05-09 12:48:02,192 [WARN] PackLoader:240 - Cannot read IP mode file for wolfSSL.I-CUBE-wolfTPM.3.8.0
2025-05-09 12:48:02,200 [WARN] PackLoader:240 - Cannot read IP mode file for STMicroelectronics.X-CUBE-TCPP.4.2.0
2025-05-09 12:48:02,238 [WARN] PackLoader:240 - Cannot read IP mode file for RealThread.X-CUBE-RT-Thread_Nano.4.1.1
2025-05-09 12:48:02,245 [WARN] PackLoader:240 - Cannot read IP mode file for STMicroelectronics.FP-ATR-SIGFOX1.3.2.0
2025-05-09 12:48:02,253 [WARN] PackLoader:240 - Cannot read IP mode file for STMicroelectronics.X-CUBE-EEPRMA1.5.1.0
2025-05-09 12:48:02,263 [WARN] PackLoader:240 - Cannot read IP mode file for ITTIA_DB.I-CUBE-ITTIADB.8.9.0
2025-05-09 12:48:02,286 [WARN] PackLoader:240 - Cannot read IP mode file for SEGGER.I-CUBE-embOS.1.3.1
2025-05-09 12:48:02,326 [WARN] PackLoader:240 - Cannot read IP mode file for STMicroelectronics.X-CUBE-ALGOBUILD.1.4.0
2025-05-09 12:48:02,341 [WARN] PackLoader:240 - Cannot read IP mode file for STMicroelectronics.X-CUBE-AZRTOS-F4.1.1.0
2025-05-09 12:48:02,348 [WARN] PackLoader:240 - Cannot read IP mode file for Avnet-IotConnect.X-CUBE-IoTC-DA16k-PMOD.1.0.0
2025-05-09 12:48:02,353 [WARN] PackLoader:240 - Cannot read IP mode file for STMicroelectronics.X-CUBE-ISPU.2.1.0
2025-05-09 12:48:02,367 [WARN] PackLoader:240 - Cannot read IP mode file for STMicroelectronics.X-CUBE-AZRTOS-L5.2.0.0
2025-05-09 12:48:02,378 [WARN] PackLoader:240 - Cannot read IP mode file for STMicroelectronics.X-CUBE-NFC6.3.1.0
2025-05-09 12:48:02,386 [WARN] PackLoader:240 - Cannot read IP mode file for STMicroelectronics.X-CUBE-FREERTOS.1.3.1
2025-05-09 12:48:02,391 [WARN] PackLoader:240 - Cannot read IP mode file for STMicroelectronics.X-CUBE-DPower.1.3.0
2025-05-09 12:48:02,408 [WARN] ConditionMgr:438 - getConditionDescription Invalid condition id : LAN8742 Phy interface Condition cause : null
2025-05-09 12:48:02,409 [WARN] PackLoader:240 - Cannot read IP mode file for STMicroelectronics.X-CUBE-AZRTOS-L4.2.0.0
2025-05-09 12:48:02,411 [WARN] ConditionMgr:1044 - genDependencies : Invalid condition id : LAN8742 Phy interface Condition cause : null
2025-05-09 12:48:02,412 [WARN] ConditionMgr:1044 - genDependencies : Invalid condition id : LAN8742 Phy interface Condition cause : null
2025-05-09 12:48:02,412 [WARN] ConditionMgr:1044 - genDependencies : Invalid condition id : LAN8742 Phy interface Condition cause : null
2025-05-09 12:48:02,419 [WARN] PackLoader:240 - Cannot read IP mode file for STMicroelectronics.X-CUBE-SFXS2LP1.4.0.0
2025-05-09 12:48:02,437 [WARN] PackLoader:240 - Cannot read IP mode file for STMicroelectronics.X-CUBE-AZRTOS-H7.3.3.0
2025-05-09 12:48:02,456 [WARN] ConditionMgr:438 - getConditionDescription Invalid condition id : UX DEVICE CLASS RTOS Condition cause : null
2025-05-09 12:48:02,456 [WARN] ConditionMgr:438 - getConditionDescription Invalid condition id : UX DEVICE CLASS RTOS Condition cause : null
2025-05-09 12:48:02,458 [WARN] PackLoader:240 - Cannot read IP mode file for STMicroelectronics.X-CUBE-AZRTOS-WB.2.0.0
2025-05-09 12:48:02,459 [WARN] ConditionMgr:1044 - genDependencies : Invalid condition id : UX DEVICE CLASS RTOS Condition cause : null
2025-05-09 12:48:02,459 [WARN] ConditionMgr:1044 - genDependencies : Invalid condition id : UX DEVICE CLASS RTOS Condition cause : null
2025-05-09 12:48:02,460 [WARN] ConditionMgr:1044 - genDependencies : Invalid condition id : UX DEVICE CLASS RTOS Condition cause : null
2025-05-09 12:48:02,460 [WARN] ConditionMgr:1044 - genDependencies : Invalid condition id : UX DEVICE CLASS RTOS Condition cause : null
2025-05-09 12:48:02,460 [WARN] ConditionMgr:1044 - genDependencies : Invalid condition id : UX DEVICE CLASS RTOS Condition cause : null
2025-05-09 12:48:02,465 [WARN] PackLoader:240 - Cannot read IP mode file for STMicroelectronics.X-CUBE-GNSS1.7.0.1
2025-05-09 12:48:02,470 [WARN] PackLoader:240 - Cannot read IP mode file for STMicroelectronics.X-CUBE-TOUCHGFX.4.25.0
2025-05-09 12:48:02,476 [WARN] PackLoader:240 - Cannot read IP mode file for STMicroelectronics.FP-SNS-STBOX1.2.0.0
2025-05-09 12:48:02,485 [WARN] PackLoader:240 - Cannot read IP mode file for STMicroelectronics.X-CUBE-SUBG2.5.0.0
2025-05-09 12:48:02,500 [WARN] PackLoader:240 - Cannot read IP mode file for STMicroelectronics.X-CUBE-AZRTOS-H7RS.1.1.0
2025-05-09 12:48:02,504 [WARN] PackLoader:240 - Cannot read IP mode file for Cesanta.I-CUBE-Mongoose.7.13.0
2025-05-09 12:48:02,513 [WARN] PackLoader:240 - Cannot read IP mode file for STMicroelectronics.X-CUBE-AZRTOS-G4.2.0.0
2025-05-09 12:48:02,518 [WARN] PackLoader:240 - Cannot read IP mode file for wolfSSL.I-CUBE-wolfSSH.1.4.20
2025-05-09 12:48:02,521 [WARN] PackLoader:240 - Cannot read IP mode file for STMicroelectronics.X-CUBE-NFC7.2.0.0
2025-05-09 12:48:02,530 [WARN] PackLoader:240 - Cannot read IP mode file for STMicroelectronics.X-CUBE-IPS.3.1.0
2025-05-09 12:48:02,537 [WARN] PackLoader:240 - Cannot read IP mode file for STMicroelectronics.X-CUBE-ALS.1.0.2
2025-05-09 12:48:02,541 [WARN] PackLoader:240 - Cannot read IP mode file for portGmbH.I-Cube-SoM-uGOAL.1.1.0
2025-05-09 12:48:02,548 [WARN] PackLoader:240 - Cannot read IP mode file for STMicroelectronics.X-CUBE-TOF1.3.4.3
2025-05-09 12:48:02,556 [INFO] ThirdParty:978 - Integrity check success = true
2025-05-09 12:48:02,556 [INFO] IntegrityCheckThread:100 - exiting critical section [integrity check]
2025-05-09 12:48:02,556 [INFO] IntegrityCheckThread:103 - End integrity checks thread
2025-05-09 12:49:11,027 [ERROR] LogOutputStream:75 - [STDERR_REDIRECT] 
